Using pre-set license
Built from '2021.3/staging' branch; Version is '2021.3.23f1 (213b516bf396) revision 2177873'; Using compiler version '192829333'; Build Type 'Release'
OS: 'Windows 10  (10.0.19045) 64bit Core' Language: 'en' Physical Memory: 65395 MB
BatchMode: 1, IsHumanControllingUs: 0, StartBugReporterOnCrash: 0, Is64bit: 1, IsPro: 1

COMMAND LINE ARGUMENTS:
C:\Program Files\Unity\Hub\Editor\2021.3.23f1\Editor\Unity.exe
-adb2
-batchMode
-noUpm
-name
AssetImportWorker1
-projectPath
D:/UnityGames/UnityVR
-logFile
Logs/AssetImportWorker1.log
-srvPort
59180
Successfully changed project path to: D:/UnityGames/UnityVR
D:/UnityGames/UnityVR
[UnityMemory] Configuration Parameters - Can be set up in boot.config
    "memorysetup-bucket-allocator-granularity=16"
    "memorysetup-bucket-allocator-bucket-count=8"
    "memorysetup-bucket-allocator-block-size=33554432"
    "memorysetup-bucket-allocator-block-count=8"
    "memorysetup-main-allocator-block-size=16777216"
    "memorysetup-thread-allocator-block-size=16777216"
    "memorysetup-gfx-main-allocator-block-size=16777216"
    "memorysetup-gfx-thread-allocator-block-size=16777216"
    "memorysetup-cache-allocator-block-size=4194304"
    "memorysetup-typetree-allocator-block-size=2097152"
    "memorysetup-profiler-bucket-allocator-granularity=16"
    "memorysetup-profiler-bucket-allocator-bucket-count=8"
    "memorysetup-profiler-bucket-allocator-block-size=33554432"
    "memorysetup-profiler-bucket-allocator-block-count=8"
    "memorysetup-profiler-allocator-block-size=16777216"
    "memorysetup-profiler-editor-allocator-block-size=1048576"
    "memorysetup-temp-allocator-size-main=16777216"
    "memorysetup-job-temp-allocator-block-size=2097152"
    "memorysetup-job-temp-allocator-block-size-background=1048576"
    "memorysetup-job-temp-allocator-reduction-small-platforms=262144"
    "memorysetup-temp-allocator-size-background-worker=32768"
    "memorysetup-temp-allocator-size-job-worker=262144"
    "memorysetup-temp-allocator-size-preload-manager=33554432"
    "memorysetup-temp-allocator-size-nav-mesh-worker=65536"
    "memorysetup-temp-allocator-size-audio-worker=65536"
    "memorysetup-temp-allocator-size-cloud-worker=32768"
    "memorysetup-temp-allocator-size-gi-baking-worker=262144"
    "memorysetup-temp-allocator-size-gfx=262144"
Player connection [31840] Host "[IP] 192.168.1.233 [Port] 0 [Flags] 2 [Guid] 2729490635 [EditorId] 2729490635 [Version] 1048832 [Id] WindowsEditor(7,DESKTOP-953QHJB) [Debug] 1 [PackageName] WindowsEditor [ProjectName] Editor" joined multi-casting on [225.0.0.222:54997]...

Player connection [31840] Host "[IP] 192.168.1.233 [Port] 0 [Flags] 2 [Guid] 2729490635 [EditorId] 2729490635 [Version] 1048832 [Id] WindowsEditor(7,DESKTOP-953QHJB) [Debug] 1 [PackageName] WindowsEditor [ProjectName] Editor" joined alternative multi-casting on [225.0.0.222:34997]...

Refreshing native plugins compatible for Editor in 110.04 ms, found 12 plugins.
Preloading 1 native plugins for Editor in 0.49 ms.
Initialize engine version: 2021.3.23f1 (213b516bf396)
[Subsystems] Discovering subsystems at path C:/Program Files/Unity/Hub/Editor/2021.3.23f1/Editor/Data/Resources/UnitySubsystems
[Subsystems] Discovering subsystems at path D:/UnityGames/UnityVR/Assets
GfxDevice: creating device client; threaded=0; jobified=0
Direct3D:
    Version:  Direct3D 11.0 [level 11.1]
    Renderer: NVIDIA GeForce RTX 3080 (ID=0x2216)
    Vendor:   NVIDIA
    VRAM:     10078 MB
    Driver:   31.0.15.1748
Initialize mono
Mono path[0] = 'C:/Program Files/Unity/Hub/Editor/2021.3.23f1/Editor/Data/Managed'
Mono path[1] = 'C:/Program Files/Unity/Hub/Editor/2021.3.23f1/Editor/Data/MonoBleedingEdge/lib/mono/unityjit-win32'
Mono config path = 'C:/Program Files/Unity/Hub/Editor/2021.3.23f1/Editor/Data/MonoBleedingEdge/etc'
Using monoOptions --debugger-agent=transport=dt_socket,embedding=1,server=y,suspend=n,address=127.0.0.1:56184
Begin MonoManager ReloadAssembly
Registering precompiled unity dll's ...
Register platform support module: C:/Program Files/Unity/Hub/Editor/2021.3.23f1/Editor/Data/PlaybackEngines/AndroidPlayer/UnityEditor.Android.Extensions.dll
Register platform support module: C:/Program Files/Unity/Hub/Editor/2021.3.23f1/Editor/Data/PlaybackEngines/WindowsStandaloneSupport/UnityEditor.WindowsStandalone.Extensions.dll
Registered in 0.007914 seconds.
Native extension for WindowsStandalone target not found
Native extension for Android target not found
Win32Exception: The operation completed successfully.
  at System.Diagnostics.Process.Kill () [0x00018] in <c01a3e84b3c1471e86b1e3fb11d4015b>:0 
  at (wrapper remoting-invoke-with-check) System.Diagnostics.Process.Kill()
  at UnityEditor.Android.AndroidDeploymentTargetsExtension.GetKnownTargets (UnityEditor.DeploymentTargets.IDeploymentTargetsMainThreadContext context, UnityEditor.ProgressHandler progressHandler) [0x0014a] in <ce2320f87b7248779ffc954a5e99fdef>:0 
  at UnityEditor.Android.TargetScanWorker.ScanSync () [0x00039] in <ce2320f87b7248779ffc954a5e99fdef>:0 
  at UnityEditor.Android.TargetExtension.OnUsbDevicesChanged (UnityEditor.Hardware.UsbDevice[] usbDevices) [0x00081] in <ce2320f87b7248779ffc954a5e99fdef>:0 
  at UnityEditor.Android.TargetExtension.OnLoad () [0x0008d] in <ce2320f87b7248779ffc954a5e99fdef>:0 
  at UnityEditor.Modules.ModuleManager.InitializePlatformSupportModules () [0x0009d] in <9959c9185b684a4d9d56448296fb9048>:0 

Refreshing native plugins compatible for Editor in 103.11 ms, found 12 plugins.
Preloading 1 native plugins for Editor in 0.09 ms.
Mono: successfully reloaded assembly
- Completed reload, in  0.892 seconds
Domain Reload Profiling:
	ReloadAssembly (892ms)
		BeginReloadAssembly (85ms)
			ExecutionOrderSort (0ms)
			DisableScriptedObjects (0ms)
			BackupInstance (0ms)
			ReleaseScriptingObjects (0ms)
			CreateAndSetChildDomain (1ms)
		EndReloadAssembly (706ms)
			LoadAssemblies (82ms)
			RebuildTransferFunctionScriptingTraits (0ms)
			SetupTypeCache (107ms)
			ReleaseScriptCaches (0ms)
			RebuildScriptCaches (27ms)
			SetupLoadedEditorAssemblies (519ms)
				LogAssemblyErrors (0ms)
				InitializePlatformSupportModulesInManaged (281ms)
				SetLoadedEditorAssemblies (0ms)
				RefreshPlugins (103ms)
				BeforeProcessingInitializeOnLoad (1ms)
				ProcessInitializeOnLoadAttributes (89ms)
				ProcessInitializeOnLoadMethodAttributes (43ms)
				AfterProcessingInitializeOnLoad (0ms)
				EditorAssembliesLoaded (0ms)
			ExecutionOrderSort2 (0ms)
			AwakeInstancesAfterBackupRestoration (0ms)
Native extension for WindowsStandalone target not found
Native extension for Android target not found
Registering precompiled user dll's ...
Registered in 0.005869 seconds.
Begin MonoManager ReloadAssembly
Symbol file LoadedFromMemory doesn't match image D:\UnityGames\UnityVR\Library\PackageCache\com.unity.visualscripting@1.8.0\Editor\VisualScripting.Core\Dependencies\DotNetZip\Unity.VisualScripting.IonicZip.dll
Symbol file LoadedFromMemory doesn't match image D:\UnityGames\UnityVR\Library\PackageCache\com.unity.visualscripting@1.8.0\Editor\VisualScripting.Core\Dependencies\YamlDotNet\Unity.VisualScripting.YamlDotNet.dll
Native extension for WindowsStandalone target not found
Native extension for Android target not found
Refreshing native plugins compatible for Editor in 102.34 ms, found 12 plugins.
Preloading 1 native plugins for Editor in 0.09 ms.
Package Manager log level set to [2]
System.Reflection.TargetInvocationException: Exception has been thrown by the target of an invocation. ---> System.NullReferenceException: Object reference not set to an instance of an object
  at Unity.XR.Oculus.OculusLoader.AssetPathToAbsolutePath (System.String assetPath) [0x0003d] in D:\UnityGames\UnityVR\Library\PackageCache\com.unity.xr.oculus@3.3.0\Runtime\OculusLoader.cs:282 
  at Unity.XR.Oculus.OculusLoader.EditorLoadOVRPlugin () [0x0007b] in D:\UnityGames\UnityVR\Library\PackageCache\com.unity.xr.oculus@3.3.0\Runtime\OculusLoader.cs:267 
  at (wrapper managed-to-native) System.Reflection.RuntimeMethodInfo.InternalInvoke(System.Reflection.RuntimeMethodInfo,object,object[],System.Exception&)
  at System.Reflection.RuntimeMethodInfo.Invoke (System.Object obj, System.Reflection.BindingFlags invokeAttr, System.Reflection.Binder binder, System.Object[] parameters, System.Globalization.CultureInfo culture) [0x0006a] in <4a4789deb75f446a81a24a1a00bdd3f9>:0 
   --- End of inner exception stack trace ---
  at System.Reflection.RuntimeMethodInfo.Invoke (System.Object obj, System.Reflection.BindingFlags invokeAttr, System.Reflection.Binder binder, System.Object[] parameters, System.Globalization.CultureInfo culture) [0x00083] in <4a4789deb75f446a81a24a1a00bdd3f9>:0 
  at System.Reflection.MethodBase.Invoke (System.Object obj, System.Object[] parameters) [0x00000] in <4a4789deb75f446a81a24a1a00bdd3f9>:0 
  at UnityEditor.EditorAssemblies.ProcessInitializeOnLoadMethodAttributes () [0x000a5] in <9959c9185b684a4d9d56448296fb9048>:0 
UnityEngine.StackTraceUtility:ExtractStackTrace ()
UnityEngine.DebugLogHandler:LogFormat (UnityEngine.LogType,UnityEngine.Object,string,object[])
UnityEngine.Logger:Log (UnityEngine.LogType,object)
UnityEngine.Debug:LogError (object)
UnityEditor.EditorAssemblies:ProcessInitializeOnLoadMethodAttributes ()

Mono: successfully reloaded assembly
- Completed reload, in  1.258 seconds
Domain Reload Profiling:
	ReloadAssembly (1259ms)
		BeginReloadAssembly (113ms)
			ExecutionOrderSort (0ms)
			DisableScriptedObjects (6ms)
			BackupInstance (0ms)
			ReleaseScriptingObjects (0ms)
			CreateAndSetChildDomain (16ms)
		EndReloadAssembly (1037ms)
			LoadAssemblies (89ms)
			RebuildTransferFunctionScriptingTraits (0ms)
			SetupTypeCache (285ms)
			ReleaseScriptCaches (1ms)
			RebuildScriptCaches (53ms)
			SetupLoadedEditorAssemblies (550ms)
				LogAssemblyErrors (0ms)
				InitializePlatformSupportModulesInManaged (18ms)
				SetLoadedEditorAssemblies (0ms)
				RefreshPlugins (103ms)
				BeforeProcessingInitializeOnLoad (95ms)
				ProcessInitializeOnLoadAttributes (296ms)
				ProcessInitializeOnLoadMethodAttributes (30ms)
				AfterProcessingInitializeOnLoad (8ms)
				EditorAssembliesLoaded (0ms)
			ExecutionOrderSort2 (0ms)
			AwakeInstancesAfterBackupRestoration (8ms)
Platform modules already initialized, skipping
========================================================================
Worker process is ready to serve import requests
Launched and connected shader compiler UnityShaderCompiler.exe after 0.04 seconds
Refreshing native plugins compatible for Editor in 0.97 ms, found 12 plugins.
Preloading 1 native plugins for Editor in 0.07 ms.
Unloading 3805 Unused Serialized files (Serialized files now loaded: 0)
Unloading 52 unused Assets / (114.8 KB). Loaded Objects now: 4248.
Memory consumption went from 138.3 MB to 138.2 MB.
Total: 3.841300 ms (FindLiveObjects: 0.504500 ms CreateObjectMapping: 0.152500 ms MarkObjects: 2.899100 ms  DeleteObjects: 0.284100 ms)

AssetImportParameters requested are different than current active one (requested -> active):
  custom:video-decoder-ogg-theora: a1e56fd34408186e4bbccfd4996cb3dc -> 
  custom:container-muxer-webm: aa71ff27fc2769a1b78a27578f13a17b -> 
  custom:container-demuxer-webm: 4f35f7cbe854078d1ac9338744f61a02 -> 
  custom:video-encoder-webm-vp8: eb34c28f22e8b96e1ab97ce403110664 -> 
  custom:audio-encoder-webm-vorbis: bf7c407c2cedff20999df2af8eb42d56 -> 
  custom:framework-win-MediaFoundation: 216162199b28c13a410421893ffa2e32 -> 
  custom:container-demuxer-ogg: 62fdf1f143b41e24485cea50d1cbac27 -> 
  custom:video-decoder-webm-vp8: 9c59270c3fd7afecdb556c50c9e8de78 -> 
  custom:audio-decoder-ogg-vorbis: bf7c407c2cedff20999df2af8eb42d56 -> 
========================================================================
Received Import Request.
  Time since last request: 871181.133286 seconds.
  path: Assets/Snowconesolid Assets/Block People/Mesh/Blocky_Dude_1.fbx
  artifactKey: Guid(62504b0cd3bf8314fb6db719a71ffdc6) Importer(815301076,1909f56bfc062723c751e8b465ee728b)
Start importing Assets/Snowconesolid Assets/Block People/Mesh/Blocky_Dude_1.fbx using Guid(62504b0cd3bf8314fb6db719a71ffdc6) Importer(815301076,1909f56bfc062723c751e8b465ee728b)  -> (artifact id: '110cbaef95c9631cc3586cec08d1309f') in 0.194607 seconds 
========================================================================
Received Import Request.
  Time since last request: 0.000035 seconds.
  path: Assets/Snowconesolid Assets/Block People/Mesh/Blocky_Dude_2.fbx
  artifactKey: Guid(141cd8e7986f01545b5f2cfcb1176243) Importer(815301076,1909f56bfc062723c751e8b465ee728b)
Start importing Assets/Snowconesolid Assets/Block People/Mesh/Blocky_Dude_2.fbx using Guid(141cd8e7986f01545b5f2cfcb1176243) Importer(815301076,1909f56bfc062723c751e8b465ee728b)  -> (artifact id: '8499e878cc45ca44912b12ca53732089') in 0.029318 seconds 
========================================================================
Received Import Request.
  Time since last request: 0.000036 seconds.
  path: Assets/Snowconesolid Assets/Block People/Mesh
  artifactKey: Guid(dcadf73292e10314c9b3ea242d79a6f3) Importer(815301076,1909f56bfc062723c751e8b465ee728b)
Start importing Assets/Snowconesolid Assets/Block People/Mesh using Guid(dcadf73292e10314c9b3ea242d79a6f3) Importer(815301076,1909f56bfc062723c751e8b465ee728b)  -> (artifact id: 'b3a6f54f74b6ebc66b91093a2afd9f77') in 0.005562 seconds 
========================================================================
Received Import Request.
  Time since last request: 0.000043 seconds.
  path: Assets/Snowconesolid Assets/Block People/Mesh/Blocky_Gal.fbx
  artifactKey: Guid(a2e2cd13433fc8d4188a2fd0faeb1567) Importer(815301076,1909f56bfc062723c751e8b465ee728b)
Start importing Assets/Snowconesolid Assets/Block People/Mesh/Blocky_Gal.fbx using Guid(a2e2cd13433fc8d4188a2fd0faeb1567) Importer(815301076,1909f56bfc062723c751e8b465ee728b)  -> (artifact id: '2b93324904a11bcfbfc351ae5498f0c0') in 0.025827 seconds 
========================================================================
Received Import Request.
  Time since last request: 0.000030 seconds.
  path: Assets/Snowconesolid Assets/Block People
  artifactKey: Guid(1f7b6bbb206606044a2e3be51ded8239) Importer(815301076,1909f56bfc062723c751e8b465ee728b)
Start importing Assets/Snowconesolid Assets/Block People using Guid(1f7b6bbb206606044a2e3be51ded8239) Importer(815301076,1909f56bfc062723c751e8b465ee728b)  -> (artifact id: 'e0b660e358ca7dc63b375dd0bfcb9957') in 0.005411 seconds 
========================================================================
Received Import Request.
  Time since last request: 0.000029 seconds.
  path: Assets/Snowconesolid Assets/Block People/Mesh/BlockyFloor.fbx
  artifactKey: Guid(e648a4774b1a87d4786bfd7fddb77eac) Importer(815301076,1909f56bfc062723c751e8b465ee728b)
Start importing Assets/Snowconesolid Assets/Block People/Mesh/BlockyFloor.fbx using Guid(e648a4774b1a87d4786bfd7fddb77eac) Importer(815301076,1909f56bfc062723c751e8b465ee728b)  -> (artifact id: '69d769b4137ccaabe0f179b63f4295f5') in 0.015241 seconds 
========================================================================
Received Import Request.
  Time since last request: 27.330242 seconds.
  path: Assets/Snowconesolid Assets/Block People/Block_People_PREFABS/Block_People_Mobile/Blocky_Dude_Green_Mobile.prefab
  artifactKey: Guid(ec11d15f7c6b7d144b254ef39ef5e771) Importer(815301076,1909f56bfc062723c751e8b465ee728b)
Start importing Assets/Snowconesolid Assets/Block People/Block_People_PREFABS/Block_People_Mobile/Blocky_Dude_Green_Mobile.prefab using Guid(ec11d15f7c6b7d144b254ef39ef5e771) Importer(815301076,1909f56bfc062723c751e8b465ee728b)  -> (artifact id: '3f8ecfbf25ef068878225b5e68dcf845') in 0.096768 seconds 
========================================================================
Received Import Request.
  Time since last request: 0.000031 seconds.
  path: Assets/Snowconesolid Assets/Block People/Block_People_PREFABS/Block_People_Mobile/Blocky_Dude_Green_Mobile_2.prefab
  artifactKey: Guid(ad75cd28d1c210842b8552ff9026566b) Importer(815301076,1909f56bfc062723c751e8b465ee728b)
Start importing Assets/Snowconesolid Assets/Block People/Block_People_PREFABS/Block_People_Mobile/Blocky_Dude_Green_Mobile_2.prefab using Guid(ad75cd28d1c210842b8552ff9026566b) Importer(815301076,1909f56bfc062723c751e8b465ee728b)  -> (artifact id: 'fecc47f35b0bb7030ce1b099c45a4b8d') in 0.038138 seconds 
========================================================================
Received Import Request.
  Time since last request: 0.000023 seconds.
  path: Assets/Snowconesolid Assets/Block People/Block_People_PREFABS/Block_People_Mobile/Blocky_Dude_Red_Mobile.prefab
  artifactKey: Guid(df80030eb51d10945a8ae7d3ede370ab) Importer(815301076,1909f56bfc062723c751e8b465ee728b)
Start importing Assets/Snowconesolid Assets/Block People/Block_People_PREFABS/Block_People_Mobile/Blocky_Dude_Red_Mobile.prefab using Guid(df80030eb51d10945a8ae7d3ede370ab) Importer(815301076,1909f56bfc062723c751e8b465ee728b)  -> (artifact id: 'a65efc9b30ebf5f133884f00166b39a1') in 0.050854 seconds 
========================================================================
Received Import Request.
  Time since last request: 0.000022 seconds.
  path: Assets/Snowconesolid Assets/Block People/Block_People_PREFABS/Block_People_Mobile/Blocky_Girl_Blue_Mobile.prefab
  artifactKey: Guid(839d9dc6614c2c54aa799b33e4d6d1a4) Importer(815301076,1909f56bfc062723c751e8b465ee728b)
Start importing Assets/Snowconesolid Assets/Block People/Block_People_PREFABS/Block_People_Mobile/Blocky_Girl_Blue_Mobile.prefab using Guid(839d9dc6614c2c54aa799b33e4d6d1a4) Importer(815301076,1909f56bfc062723c751e8b465ee728b)  -> (artifact id: '0d6b52d1cb6fc18a439fde2da14bab87') in 0.039945 seconds 
========================================================================
Received Import Request.
  Time since last request: 0.000043 seconds.
  path: Assets/Snowconesolid Assets/Block People/Block_People_PREFABS/Block_People_Mobile/Blocky_Girl_Red_Mobile_2.prefab
  artifactKey: Guid(9cb8abde5a6d5684f8d9ba5d3e738297) Importer(815301076,1909f56bfc062723c751e8b465ee728b)
Start importing Assets/Snowconesolid Assets/Block People/Block_People_PREFABS/Block_People_Mobile/Blocky_Girl_Red_Mobile_2.prefab using Guid(9cb8abde5a6d5684f8d9ba5d3e738297) Importer(815301076,1909f56bfc062723c751e8b465ee728b)  -> (artifact id: 'cb4bbeac264bece732e1b974644c9103') in 0.041723 seconds 
========================================================================
Received Import Request.
  Time since last request: 0.000018 seconds.
  path: Assets/Snowconesolid Assets/Block People/Block_People_PREFABS/Block_People_Mobile/Blocky_Dude_Red_Mobile_2.prefab
  artifactKey: Guid(2a4b106be5fc467468239514932eff41) Importer(815301076,1909f56bfc062723c751e8b465ee728b)
Start importing Assets/Snowconesolid Assets/Block People/Block_People_PREFABS/Block_People_Mobile/Blocky_Dude_Red_Mobile_2.prefab using Guid(2a4b106be5fc467468239514932eff41) Importer(815301076,1909f56bfc062723c751e8b465ee728b)  -> (artifact id: '7e8e7814f362e1e5fde4df4fc5ab1d3d') in 0.054840 seconds 
========================================================================
Received Import Request.
  Time since last request: 3.603913 seconds.
  path: Assets/Snowconesolid Assets/Block People/Block_People_PREFABS/Block_People_Desktop/Blocky_Dude_Green_Desktop.prefab
  artifactKey: Guid(bfd1ba3aae5e5554ba7de4bc46c0f417) Importer(815301076,1909f56bfc062723c751e8b465ee728b)
Start importing Assets/Snowconesolid Assets/Block People/Block_People_PREFABS/Block_People_Desktop/Blocky_Dude_Green_Desktop.prefab using Guid(bfd1ba3aae5e5554ba7de4bc46c0f417) Importer(815301076,1909f56bfc062723c751e8b465ee728b)  -> (artifact id: '42eb5627755f833fcf19127a5ff5d415') in 0.064009 seconds 
========================================================================
Received Import Request.
  Time since last request: 0.000023 seconds.
  path: Assets/Snowconesolid Assets/Block People/Block_People_PREFABS/Block_People_Desktop/Blocky_Girl_Blue_Desktop.prefab
  artifactKey: Guid(43e4d085be2df4941bd37faa9d07b34f) Importer(815301076,1909f56bfc062723c751e8b465ee728b)
Start importing Assets/Snowconesolid Assets/Block People/Block_People_PREFABS/Block_People_Desktop/Blocky_Girl_Blue_Desktop.prefab using Guid(43e4d085be2df4941bd37faa9d07b34f) Importer(815301076,1909f56bfc062723c751e8b465ee728b)  -> (artifact id: '3b3d489c5c2154c249043f6142e51f70') in 0.048656 seconds 
========================================================================
Received Import Request.
  Time since last request: 0.000019 seconds.
  path: Assets/Snowconesolid Assets/Block People/Block_People_PREFABS/Block_People_Desktop/Blocky_Girl_Green_Desktop_2.prefab
  artifactKey: Guid(70bb6272cc6fd9b458baebeeec2c7c7b) Importer(815301076,1909f56bfc062723c751e8b465ee728b)
Start importing Assets/Snowconesolid Assets/Block People/Block_People_PREFABS/Block_People_Desktop/Blocky_Girl_Green_Desktop_2.prefab using Guid(70bb6272cc6fd9b458baebeeec2c7c7b) Importer(815301076,1909f56bfc062723c751e8b465ee728b)  -> (artifact id: '4a9edc569773c22acf667734ec4e0780') in 0.042558 seconds 
========================================================================
Received Import Request.
  Time since last request: 0.000029 seconds.
  path: Assets/Snowconesolid Assets/Block People/Block_People_PREFABS/Block_People_Desktop/Blocky_Girl_Green_Desktop.prefab
  artifactKey: Guid(75eba40011cb2bf4ba969295bb218429) Importer(815301076,1909f56bfc062723c751e8b465ee728b)
Start importing Assets/Snowconesolid Assets/Block People/Block_People_PREFABS/Block_People_Desktop/Blocky_Girl_Green_Desktop.prefab using Guid(75eba40011cb2bf4ba969295bb218429) Importer(815301076,1909f56bfc062723c751e8b465ee728b)  -> (artifact id: 'a29cd65804f8d69a661fc48500ebd6e0') in 0.044865 seconds 
========================================================================
Received Prepare
Registering precompiled user dll's ...
Registered in 0.007492 seconds.
Begin MonoManager ReloadAssembly
Symbol file LoadedFromMemory doesn't match image D:\UnityGames\UnityVR\Library\PackageCache\com.unity.visualscripting@1.8.0\Editor\VisualScripting.Core\Dependencies\DotNetZip\Unity.VisualScripting.IonicZip.dll
Symbol file LoadedFromMemory doesn't match image D:\UnityGames\UnityVR\Library\PackageCache\com.unity.visualscripting@1.8.0\Editor\VisualScripting.Core\Dependencies\YamlDotNet\Unity.VisualScripting.YamlDotNet.dll
Native extension for WindowsStandalone target not found
Native extension for Android target not found
Refreshing native plugins compatible for Editor in 1.12 ms, found 12 plugins.
Preloading 1 native plugins for Editor in 0.10 ms.
System.Reflection.TargetInvocationException: Exception has been thrown by the target of an invocation. ---> System.NullReferenceException: Object reference not set to an instance of an object
  at Unity.XR.Oculus.OculusLoader.AssetPathToAbsolutePath (System.String assetPath) [0x0003d] in D:\UnityGames\UnityVR\Library\PackageCache\com.unity.xr.oculus@3.3.0\Runtime\OculusLoader.cs:282 
  at Unity.XR.Oculus.OculusLoader.EditorLoadOVRPlugin () [0x0007b] in D:\UnityGames\UnityVR\Library\PackageCache\com.unity.xr.oculus@3.3.0\Runtime\OculusLoader.cs:267 
  at (wrapper managed-to-native) System.Reflection.RuntimeMethodInfo.InternalInvoke(System.Reflection.RuntimeMethodInfo,object,object[],System.Exception&)
  at System.Reflection.RuntimeMethodInfo.Invoke (System.Object obj, System.Reflection.BindingFlags invokeAttr, System.Reflection.Binder binder, System.Object[] parameters, System.Globalization.CultureInfo culture) [0x0006a] in <4a4789deb75f446a81a24a1a00bdd3f9>:0 
   --- End of inner exception stack trace ---
  at System.Reflection.RuntimeMethodInfo.Invoke (System.Object obj, System.Reflection.BindingFlags invokeAttr, System.Reflection.Binder binder, System.Object[] parameters, System.Globalization.CultureInfo culture) [0x00083] in <4a4789deb75f446a81a24a1a00bdd3f9>:0 
  at System.Reflection.MethodBase.Invoke (System.Object obj, System.Object[] parameters) [0x00000] in <4a4789deb75f446a81a24a1a00bdd3f9>:0 
  at UnityEditor.EditorAssemblies.ProcessInitializeOnLoadMethodAttributes () [0x000a5] in <9959c9185b684a4d9d56448296fb9048>:0 
UnityEngine.StackTraceUtility:ExtractStackTrace ()
UnityEngine.DebugLogHandler:LogFormat (UnityEngine.LogType,UnityEngine.Object,string,object[])
UnityEngine.Logger:Log (UnityEngine.LogType,object)
UnityEngine.Debug:LogError (object)
UnityEditor.EditorAssemblies:ProcessInitializeOnLoadMethodAttributes ()

Mono: successfully reloaded assembly
- Completed reload, in  1.458 seconds
Domain Reload Profiling:
	ReloadAssembly (1458ms)
		BeginReloadAssembly (178ms)
			ExecutionOrderSort (0ms)
			DisableScriptedObjects (6ms)
			BackupInstance (0ms)
			ReleaseScriptingObjects (0ms)
			CreateAndSetChildDomain (43ms)
		EndReloadAssembly (1151ms)
			LoadAssemblies (123ms)
			RebuildTransferFunctionScriptingTraits (0ms)
			SetupTypeCache (349ms)
			ReleaseScriptCaches (2ms)
			RebuildScriptCaches (80ms)
			SetupLoadedEditorAssemblies (521ms)
				LogAssemblyErrors (0ms)
				InitializePlatformSupportModulesInManaged (49ms)
				SetLoadedEditorAssemblies (0ms)
				RefreshPlugins (1ms)
				BeforeProcessingInitializeOnLoad (82ms)
				ProcessInitializeOnLoadAttributes (341ms)
				ProcessInitializeOnLoadMethodAttributes (36ms)
				AfterProcessingInitializeOnLoad (10ms)
				EditorAssembliesLoaded (0ms)
			ExecutionOrderSort2 (0ms)
			AwakeInstancesAfterBackupRestoration (14ms)
Platform modules already initialized, skipping
Refreshing native plugins compatible for Editor in 4.84 ms, found 12 plugins.
Preloading 1 native plugins for Editor in 0.06 ms.
Unloading 3768 Unused Serialized files (Serialized files now loaded: 0)
Unloading 42 unused Assets / (81.5 KB). Loaded Objects now: 4264.
Memory consumption went from 153.9 MB to 153.8 MB.
Total: 3.969900 ms (FindLiveObjects: 0.508200 ms CreateObjectMapping: 0.131500 ms MarkObjects: 3.200500 ms  DeleteObjects: 0.128300 ms)

AssetImportParameters requested are different than current active one (requested -> active):
  custom:video-decoder-ogg-theora: a1e56fd34408186e4bbccfd4996cb3dc -> 
  custom:container-muxer-webm: aa71ff27fc2769a1b78a27578f13a17b -> 
  custom:container-demuxer-webm: 4f35f7cbe854078d1ac9338744f61a02 -> 
  custom:video-encoder-webm-vp8: eb34c28f22e8b96e1ab97ce403110664 -> 
  custom:audio-encoder-webm-vorbis: bf7c407c2cedff20999df2af8eb42d56 -> 
  custom:framework-win-MediaFoundation: 216162199b28c13a410421893ffa2e32 -> 
  custom:container-demuxer-ogg: 62fdf1f143b41e24485cea50d1cbac27 -> 
  custom:video-decoder-webm-vp8: 9c59270c3fd7afecdb556c50c9e8de78 -> 
  custom:audio-decoder-ogg-vorbis: bf7c407c2cedff20999df2af8eb42d56 -> 
Editor requested this worker to shutdown with reason: Scaling down because of idle timeout
AssetImportWorker is now disconnected from the server
Process exiting
Exiting without the bug reporter. Application will terminate with return code 0